2025-04-29 10:37:15 [WARNING] - You are saving your model as an HDF5 file via `model.save()` or `keras.saving.save_model(model)`. This file format is considered legacy. We recommend using instead the native Keras format, e.g. `model.save('my_model.keras')` or `keras.saving.save_model(model, 'my_model.keras')`. 
2025-04-29 10:38:29 [CRITICAL] - [CRITICAL] ANOMALY DETECTED [Confidence: 0.62]
  Time: 2025-04-29 10:35:34.456155
  Type: data_exfiltration - Possible Data Exfiltration - Unusual data transfer
  Severity: CRITICAL (Level 3)
  Additional Types: data_exfiltration, protocol_violation, unusual_destination, excessive_traffic
  Source: 172.20.246.197:57818 → Destination: 52.168.117.174:443
  Protocol: TLS (tcp)
  Packet Size: 2922 bytes (Payload: 2868 bytes)
  Interval: 0.000071s
  MSE Score: 90.7371, Isolation Score: -0.1022
  Evidence:
    - Very large payload (2868 bytes) - 8.9σ above normal
    - Unusual protocol: TLS
    - Connection to unusual external IP: 52.168.117.174
    - Packet size (2922 bytes) much larger than average (164 bytes)

  ACTION REQUIRED: This anomaly requires immediate investigation!
--------------------------------------------------------------------------------

2025-04-29 10:38:29 [CRITICAL] - [CRITICAL] ANOMALY DETECTED [Confidence: 0.62]
  Time: 2025-04-29 10:35:34.456155
  Type: data_exfiltration - Possible Data Exfiltration - Unusual data transfer
  Severity: CRITICAL (Level 3)
  Additional Types: data_exfiltration, protocol_violation, unusual_destination, excessive_traffic
  Source: 172.20.246.197:57818 → Destination: 52.168.117.174:443
  Protocol: TLS (tcp)
  Packet Size: 2922 bytes (Payload: 2868 bytes)
  Interval: 0.000071s
  MSE Score: 90.7371, Isolation Score: -0.1022
  Evidence:
    - Very large payload (2868 bytes) - 8.9σ above normal
    - Unusual protocol: TLS
    - Connection to unusual external IP: 52.168.117.174
    - Packet size (2922 bytes) much larger than average (164 bytes)

  ACTION REQUIRED: This anomaly requires immediate investigation!
--------------------------------------------------------------------------------

2025-04-29 10:38:29 [CRITICAL] - [CRITICAL] ANOMALY DETECTED [Confidence: 0.62]
  Time: 2025-04-29 10:35:34.456169
  Type: data_exfiltration - Possible Data Exfiltration - Unusual data transfer
  Severity: CRITICAL (Level 3)
  Additional Types: data_exfiltration, protocol_violation, unusual_destination, excessive_traffic
  Source: 172.20.246.197:57818 → Destination: 52.168.117.174:443
  Protocol: TCP (tcp)
  Packet Size: 2922 bytes (Payload: 2868 bytes)
  Interval: 0.000014s
  MSE Score: 90.2607, Isolation Score: -0.1032
  Evidence:
    - Very large payload (2868 bytes) - 8.3σ above normal
    - Unusual protocol: TCP
    - Connection to unusual external IP: 52.168.117.174
    - Packet size (2922 bytes) much larger than average (167 bytes)

  ACTION REQUIRED: This anomaly requires immediate investigation!
--------------------------------------------------------------------------------

2025-04-29 10:38:29 [CRITICAL] - [CRITICAL] ANOMALY DETECTED [Confidence: 0.62]
  Time: 2025-04-29 10:35:34.456169
  Type: data_exfiltration - Possible Data Exfiltration - Unusual data transfer
  Severity: CRITICAL (Level 3)
  Additional Types: data_exfiltration, protocol_violation, unusual_destination, excessive_traffic
  Source: 172.20.246.197:57818 → Destination: 52.168.117.174:443
  Protocol: TCP (tcp)
  Packet Size: 2922 bytes (Payload: 2868 bytes)
  Interval: 0.000014s
  MSE Score: 90.2607, Isolation Score: -0.1032
  Evidence:
    - Very large payload (2868 bytes) - 8.3σ above normal
    - Unusual protocol: TCP
    - Connection to unusual external IP: 52.168.117.174
    - Packet size (2922 bytes) much larger than average (167 bytes)

  ACTION REQUIRED: This anomaly requires immediate investigation!
--------------------------------------------------------------------------------

2025-05-02 10:56:53 [WARNING] - You are saving your model as an HDF5 file via `model.save()` or `keras.saving.save_model(model)`. This file format is considered legacy. We recommend using instead the native Keras format, e.g. `model.save('my_model.keras')` or `keras.saving.save_model(model, 'my_model.keras')`. 
2025-05-02 10:57:49 [WARNING] - [WARNING] ANOMALY DETECTED [Confidence: 0.68]
  Time: 2025-05-02 10:56:13.859709
  Type: unusual_destination - Connection to Unusual Destination
  Severity: WARNING (Level 2)
  Additional Types: unusual_destination, size_anomaly
  Source: 0.0.0.0:5353 → Destination: 0.0.0.0:5353
  Protocol: MDNS (udp)
  Packet Size: 1461 bytes (Payload: 1407 bytes)
  Interval: 0.001910s
  MSE Score: 1.2667, Isolation Score: 0.0117
  Evidence:
    - Connection to unusual external IP: 0.0.0.0
    - Packet size (1461 bytes) is 7.0σ from mean

  RECOMMENDATION: Monitor this activity closely.
--------------------------------------------------------------------------------

2025-05-02 10:57:49 [WARNING] - [WARNING] ANOMALY DETECTED [Confidence: 0.68]
  Time: 2025-05-02 10:56:13.859709
  Type: unusual_destination - Connection to Unusual Destination
  Severity: WARNING (Level 2)
  Additional Types: unusual_destination, size_anomaly
  Source: 0.0.0.0:5353 → Destination: 0.0.0.0:5353
  Protocol: MDNS (udp)
  Packet Size: 1461 bytes (Payload: 1407 bytes)
  Interval: 0.001910s
  MSE Score: 1.2667, Isolation Score: 0.0117
  Evidence:
    - Connection to unusual external IP: 0.0.0.0
    - Packet size (1461 bytes) is 7.0σ from mean

  RECOMMENDATION: Monitor this activity closely.
--------------------------------------------------------------------------------

2025-05-02 10:58:15 [WARNING] - [WARNING] ANOMALY DETECTED [Confidence: 0.68]
  Time: 2025-05-02 10:56:14.310893
  Type: unusual_destination - Connection to Unusual Destination
  Severity: WARNING (Level 2)
  Additional Types: unusual_destination, size_anomaly
  Source: 0.0.0.0:5353 → Destination: 0.0.0.0:5353
  Protocol: MDNS (udp)
  Packet Size: 1225 bytes (Payload: 1171 bytes)
  Interval: 0.004779s
  MSE Score: 1.0627, Isolation Score: 0.0214
  Evidence:
    - Connection to unusual external IP: 0.0.0.0
    - Packet size (1225 bytes) is 6.7σ from mean

  RECOMMENDATION: Monitor this activity closely.
--------------------------------------------------------------------------------

2025-05-02 10:58:15 [WARNING] - [WARNING] ANOMALY DETECTED [Confidence: 0.68]
  Time: 2025-05-02 10:56:14.310893
  Type: unusual_destination - Connection to Unusual Destination
  Severity: WARNING (Level 2)
  Additional Types: unusual_destination, size_anomaly
  Source: 0.0.0.0:5353 → Destination: 0.0.0.0:5353
  Protocol: MDNS (udp)
  Packet Size: 1225 bytes (Payload: 1171 bytes)
  Interval: 0.004779s
  MSE Score: 1.0627, Isolation Score: 0.0214
  Evidence:
    - Connection to unusual external IP: 0.0.0.0
    - Packet size (1225 bytes) is 6.7σ from mean

  RECOMMENDATION: Monitor this activity closely.
--------------------------------------------------------------------------------

2025-05-02 11:08:28 [WARNING] - You are saving your model as an HDF5 file via `model.save()` or `keras.saving.save_model(model)`. This file format is considered legacy. We recommend using instead the native Keras format, e.g. `model.save('my_model.keras')` or `keras.saving.save_model(model, 'my_model.keras')`. 
2025-05-02 11:13:13 [WARNING] - [WARNING] ANOMALY DETECTED [Confidence: 0.68]
  Time: 2025-05-02 11:07:49.923508
  Type: unusual_destination - Connection to Unusual Destination
  Severity: WARNING (Level 2)
  Additional Types: unusual_destination, size_anomaly
  Source: 0.0.0.0:5353 → Destination: 0.0.0.0:5353
  Protocol: MDNS (udp)
  Packet Size: 1484 bytes (Payload: 1430 bytes)
  Interval: 0.002409s
  MSE Score: 2.0294, Isolation Score: -0.0232
  Evidence:
    - Connection to unusual external IP: 0.0.0.0
    - Packet size (1484 bytes) is 6.6σ from mean

  RECOMMENDATION: Monitor this activity closely.
--------------------------------------------------------------------------------

2025-05-02 11:13:13 [WARNING] - [WARNING] ANOMALY DETECTED [Confidence: 0.68]
  Time: 2025-05-02 11:07:49.923508
  Type: unusual_destination - Connection to Unusual Destination
  Severity: WARNING (Level 2)
  Additional Types: unusual_destination, size_anomaly
  Source: 0.0.0.0:5353 → Destination: 0.0.0.0:5353
  Protocol: MDNS (udp)
  Packet Size: 1484 bytes (Payload: 1430 bytes)
  Interval: 0.002409s
  MSE Score: 2.0294, Isolation Score: -0.0232
  Evidence:
    - Connection to unusual external IP: 0.0.0.0
    - Packet size (1484 bytes) is 6.6σ from mean

  RECOMMENDATION: Monitor this activity closely.
--------------------------------------------------------------------------------

2025-05-02 11:13:30 [WARNING] - [WARNING] ANOMALY DETECTED [Confidence: 0.68]
  Time: 2025-05-02 11:07:50.368391
  Type: unusual_destination - Connection to Unusual Destination
  Severity: WARNING (Level 2)
  Additional Types: unusual_destination, size_anomaly
  Source: 0.0.0.0:5353 → Destination: 0.0.0.0:5353
  Protocol: MDNS (udp)
  Packet Size: 1491 bytes (Payload: 1437 bytes)
  Interval: 0.000017s
  MSE Score: 2.0656, Isolation Score: -0.0136
  Evidence:
    - Connection to unusual external IP: 0.0.0.0
    - Packet size (1491 bytes) is 7.0σ from mean

  RECOMMENDATION: Monitor this activity closely.
--------------------------------------------------------------------------------

2025-05-02 11:13:30 [WARNING] - [WARNING] ANOMALY DETECTED [Confidence: 0.68]
  Time: 2025-05-02 11:07:50.368391
  Type: unusual_destination - Connection to Unusual Destination
  Severity: WARNING (Level 2)
  Additional Types: unusual_destination, size_anomaly
  Source: 0.0.0.0:5353 → Destination: 0.0.0.0:5353
  Protocol: MDNS (udp)
  Packet Size: 1491 bytes (Payload: 1437 bytes)
  Interval: 0.000017s
  MSE Score: 2.0656, Isolation Score: -0.0136
  Evidence:
    - Connection to unusual external IP: 0.0.0.0
    - Packet size (1491 bytes) is 7.0σ from mean

  RECOMMENDATION: Monitor this activity closely.
--------------------------------------------------------------------------------

2025-05-02 11:34:59 [INFO] - [INFO] ANOMALY DETECTED [Confidence: 0.81]
  Time: 2025-05-02 11:30:02.902784
  Type: timing_anomaly - Timing-based Anomaly
  Severity: INFO (Level 1)
  Additional Types: timing_anomaly
  Source: 172.20.214.201:5353 → Destination: 224.0.0.251:5353
  Protocol: MDNS (udp)
  Packet Size: 1470 bytes (Payload: 1416 bytes)
  Interval: 0.025404s
  MSE Score: 2.9235, Isolation Score: -0.0675
  Evidence:
    - Interval (0.0254s) is 11.6σ from mean
    - This is mDNS multicast traffic which can often have bursts of activity
--------------------------------------------------------------------------------

2025-05-02 22:57:21 [WARNING] - [WARNING] ANOMALY DETECTED [Confidence: 0.62]
  Time: 2025-05-02 22:52:49.153885
  Type: unusual_destination - Connection to Unusual Destination
  Severity: WARNING (Level 2)
  Additional Types: unusual_destination, size_anomaly
  Source: 192.168.1.50:45456 → Destination: 142.250.82.223:3478
  Protocol: DATA (udp)
  Packet Size: 1001 bytes (Payload: 947 bytes)
  Interval: 0.000271s
  MSE Score: 838.8558, Isolation Score: -0.0274
  Evidence:
    - Connection to unusual external IP: 142.250.82.223
    - Packet size (1001 bytes) is 7.8σ from mean

  RECOMMENDATION: Monitor this activity closely.
--------------------------------------------------------------------------------

2025-05-02 22:57:22 [WARNING] - [WARNING] ANOMALY DETECTED [Confidence: 0.62]
  Time: 2025-05-02 22:52:49.153924
  Type: unusual_destination - Connection to Unusual Destination
  Severity: WARNING (Level 2)
  Additional Types: unusual_destination, size_anomaly
  Source: 192.168.1.50:45456 → Destination: 142.250.82.223:3478
  Protocol: DATA (udp)
  Packet Size: 1001 bytes (Payload: 947 bytes)
  Interval: 0.000040s
  MSE Score: 838.7022, Isolation Score: -0.0150
  Evidence:
    - Connection to unusual external IP: 142.250.82.223
    - Packet size (1001 bytes) is 7.3σ from mean

  RECOMMENDATION: Monitor this activity closely.
--------------------------------------------------------------------------------

2025-05-02 22:57:24 [WARNING] - [WARNING] ANOMALY DETECTED [Confidence: 0.62]
  Time: 2025-05-02 22:52:49.161574
  Type: unusual_destination - Connection to Unusual Destination
  Severity: WARNING (Level 2)
  Additional Types: unusual_destination, size_anomaly
  Source: 192.168.1.50:52995 → Destination: 142.250.82.215:3478
  Protocol: DATA (udp)
  Packet Size: 1237 bytes (Payload: 1183 bytes)
  Interval: 0.000077s
  MSE Score: 225.8866, Isolation Score: 0.0066
  Evidence:
    - Connection to unusual external IP: 142.250.82.215
    - Packet size (1237 bytes) is 9.0σ from mean

  RECOMMENDATION: Monitor this activity closely.
--------------------------------------------------------------------------------

2025-05-02 22:57:25 [WARNING] - [WARNING] ANOMALY DETECTED [Confidence: 0.62]
  Time: 2025-05-02 22:52:49.161596
  Type: unusual_destination - Connection to Unusual Destination
  Severity: WARNING (Level 2)
  Additional Types: unusual_destination, size_anomaly
  Source: 192.168.1.50:52995 → Destination: 142.250.82.215:3478
  Protocol: DATA (udp)
  Packet Size: 1237 bytes (Payload: 1183 bytes)
  Interval: 0.000021s
  MSE Score: 225.9626, Isolation Score: 0.0129
  Evidence:
    - Connection to unusual external IP: 142.250.82.215
    - Packet size (1237 bytes) is 8.3σ from mean

  RECOMMENDATION: Monitor this activity closely.
--------------------------------------------------------------------------------

2025-05-02 22:57:25 [WARNING] - [WARNING] ANOMALY DETECTED [Confidence: 0.62]
  Time: 2025-05-02 22:52:49.161628
  Type: unusual_destination - Connection to Unusual Destination
  Severity: WARNING (Level 2)
  Additional Types: unusual_destination, size_anomaly
  Source: 192.168.1.50:52995 → Destination: 142.250.82.215:3478
  Protocol: DATA (udp)
  Packet Size: 1237 bytes (Payload: 1183 bytes)
  Interval: 0.000032s
  MSE Score: 225.9476, Isolation Score: 0.0171
  Evidence:
    - Connection to unusual external IP: 142.250.82.215
    - Packet size (1237 bytes) is 7.8σ from mean

  RECOMMENDATION: Monitor this activity closely.
--------------------------------------------------------------------------------

2025-05-02 22:57:25 [WARNING] - [WARNING] ANOMALY DETECTED [Confidence: 0.62]
  Time: 2025-05-02 22:52:49.161653
  Type: unusual_destination - Connection to Unusual Destination
  Severity: WARNING (Level 2)
  Additional Types: unusual_destination, size_anomaly
  Source: 192.168.1.50:52995 → Destination: 142.250.82.215:3478
  Protocol: DATA (udp)
  Packet Size: 1237 bytes (Payload: 1183 bytes)
  Interval: 0.000025s
  MSE Score: 225.9574, Isolation Score: 0.0132
  Evidence:
    - Connection to unusual external IP: 142.250.82.215
    - Packet size (1237 bytes) is 7.3σ from mean

  RECOMMENDATION: Monitor this activity closely.
--------------------------------------------------------------------------------

2025-05-02 22:57:25 [WARNING] - [WARNING] ANOMALY DETECTED [Confidence: 0.62]
  Time: 2025-05-02 22:52:49.161666
  Type: unusual_destination - Connection to Unusual Destination
  Severity: WARNING (Level 2)
  Additional Types: unusual_destination, size_anomaly
  Source: 192.168.1.50:52995 → Destination: 142.250.82.215:3478
  Protocol: DATA (udp)
  Packet Size: 1237 bytes (Payload: 1183 bytes)
  Interval: 0.000013s
  MSE Score: 225.9741, Isolation Score: 0.0112
  Evidence:
    - Connection to unusual external IP: 142.250.82.215
    - Packet size (1237 bytes) is 7.0σ from mean

  RECOMMENDATION: Monitor this activity closely.
--------------------------------------------------------------------------------

2025-05-02 23:01:30 [WARNING] - [WARNING] ANOMALY DETECTED [Confidence: 0.62]
  Time: 2025-05-02 22:52:50.153953
  Type: unusual_destination - Connection to Unusual Destination
  Severity: WARNING (Level 2)
  Additional Types: unusual_destination, size_anomaly
  Source: 192.168.1.50:45456 → Destination: 142.250.82.223:3478
  Protocol: DATA (udp)
  Packet Size: 1100 bytes (Payload: 1046 bytes)
  Interval: 0.004315s
  MSE Score: 869.1453, Isolation Score: -0.0496
  Evidence:
    - Connection to unusual external IP: 142.250.82.223
    - Packet size (1100 bytes) is 8.3σ from mean

  RECOMMENDATION: Monitor this activity closely.
--------------------------------------------------------------------------------

2025-05-02 23:01:31 [WARNING] - [WARNING] ANOMALY DETECTED [Confidence: 0.62]
  Time: 2025-05-02 22:52:50.154031
  Type: unusual_destination - Connection to Unusual Destination
  Severity: WARNING (Level 2)
  Additional Types: unusual_destination, size_anomaly
  Source: 192.168.1.50:45456 → Destination: 142.250.82.223:3478
  Protocol: DATA (udp)
  Packet Size: 1101 bytes (Payload: 1047 bytes)
  Interval: 0.000078s
  MSE Score: 863.6516, Isolation Score: -0.0113
  Evidence:
    - Connection to unusual external IP: 142.250.82.223
    - Packet size (1101 bytes) is 7.8σ from mean

  RECOMMENDATION: Monitor this activity closely.
--------------------------------------------------------------------------------

2025-05-02 23:04:14 [WARNING] - [WARNING] ANOMALY DETECTED [Confidence: 0.62]
  Time: 2025-05-02 22:52:50.817067
  Type: unusual_destination - Connection to Unusual Destination
  Severity: WARNING (Level 2)
  Additional Types: unusual_destination, size_anomaly
  Source: 192.168.1.50:44497 → Destination: 142.250.194.110:443
  Protocol: DATA (udp)
  Packet Size: 1294 bytes (Payload: 1240 bytes)
  Interval: 0.001777s
  MSE Score: 1228.7320, Isolation Score: -0.0413
  Evidence:
    - Connection to unusual external IP: 142.250.194.110
    - Packet size (1294 bytes) is 8.7σ from mean

  RECOMMENDATION: Monitor this activity closely.
--------------------------------------------------------------------------------

2025-05-02 23:04:15 [WARNING] - [WARNING] ANOMALY DETECTED [Confidence: 0.62]
  Time: 2025-05-02 22:52:50.817149
  Type: unusual_destination - Connection to Unusual Destination
  Severity: WARNING (Level 2)
  Additional Types: unusual_destination, size_anomaly
  Source: 192.168.1.50:44497 → Destination: 142.250.194.110:443
  Protocol: DATA (udp)
  Packet Size: 1294 bytes (Payload: 1240 bytes)
  Interval: 0.000082s
  MSE Score: 1226.4573, Isolation Score: -0.0138
  Evidence:
    - Connection to unusual external IP: 142.250.194.110
    - Packet size (1294 bytes) is 8.1σ from mean

  RECOMMENDATION: Monitor this activity closely.
--------------------------------------------------------------------------------

2025-05-02 23:04:15 [WARNING] - [WARNING] ANOMALY DETECTED [Confidence: 0.62]
  Time: 2025-05-02 22:52:50.817181
  Type: unusual_destination - Connection to Unusual Destination
  Severity: WARNING (Level 2)
  Additional Types: unusual_destination, size_anomaly
  Source: 192.168.1.50:44497 → Destination: 142.250.194.110:443
  Protocol: DATA (udp)
  Packet Size: 1294 bytes (Payload: 1240 bytes)
  Interval: 0.000031s
  MSE Score: 1226.5272, Isolation Score: -0.0077
  Evidence:
    - Connection to unusual external IP: 142.250.194.110
    - Packet size (1294 bytes) is 7.6σ from mean

  RECOMMENDATION: Monitor this activity closely.
--------------------------------------------------------------------------------

2025-05-02 23:08:03 [WARNING] - [WARNING] ANOMALY DETECTED [Confidence: 0.62]
  Time: 2025-05-02 22:52:51.757200
  Type: unusual_destination - Connection to Unusual Destination
  Severity: WARNING (Level 2)
  Additional Types: unusual_destination, size_anomaly
  Source: 192.168.1.50:45456 → Destination: 142.250.82.223:3478
  Protocol: DATA (udp)
  Packet Size: 1035 bytes (Payload: 981 bytes)
  Interval: 0.005705s
  MSE Score: 854.7972, Isolation Score: -0.0441
  Evidence:
    - Connection to unusual external IP: 142.250.82.223
    - Packet size (1035 bytes) is 7.0σ from mean

  RECOMMENDATION: Monitor this activity closely.
--------------------------------------------------------------------------------

2025-05-02 23:08:03 [WARNING] - [WARNING] ANOMALY DETECTED [Confidence: 0.62]
  Time: 2025-05-02 22:52:51.757286
  Type: unusual_destination - Connection to Unusual Destination
  Severity: WARNING (Level 2)
  Additional Types: unusual_destination, size_anomaly
  Source: 192.168.1.50:45456 → Destination: 142.250.82.223:3478
  Protocol: DATA (udp)
  Packet Size: 1035 bytes (Payload: 981 bytes)
  Interval: 0.000085s
  MSE Score: 847.1400, Isolation Score: -0.0162
  Evidence:
    - Connection to unusual external IP: 142.250.82.223
    - Packet size (1035 bytes) is 6.7σ from mean

  RECOMMENDATION: Monitor this activity closely.
--------------------------------------------------------------------------------

2025-05-03 11:23:55 [INFO] - [INFO] ANOMALY DETECTED [Confidence: 0.70]
  Time: 2025-05-03 11:18:50.381634
  Type: behavioral - General Behavioral Anomaly
  Severity: INFO (Level 1)
  Additional Types: behavioral
  Source: 172.20.216.173:0 → Destination: 224.0.0.251:0
  Protocol: DATA (none)
  Packet Size: 1514 bytes (Payload: 1460 bytes)
  Interval: 0.082521s
  MSE Score: 1519.5974, Isolation Score: -0.1133
  Evidence:
    - General behavioral anomaly: score=0.70, isolation=-0.11
    - This is multicast traffic which can often have bursts of activity
--------------------------------------------------------------------------------

